Using pre-set license
Built from '2020.3/staging' branch; Version is '2020.3.16f1 (049d6eca3c44) revision 302446'; Using compiler version '192528614'; Build Type 'Release'
OS: 'Windows 10 Home; OS build 19042.1288; Version 2009; 64bit' Language: 'en' Physical Memory: 14188 MB
BatchMode: 1, IsHumanControllingUs: 0, StartBugReporterOnCrash: 0, Is64bit: 1, IsPro: 0

 COMMAND LINE ARGUMENTS:
C:\Program Files\Unity\Hub\Editor\2020.3.16f1\Editor\Unity.exe
-adb2
-batchMode
-noUpm
-name
AssetImportWorker0
-projectPath
C:/Users/elina/Own small game
-logFile
Logs/AssetImportWorker0.log
-srvPort
55235
Successfully changed project path to: C:/Users/elina/Own small game
C:/Users/elina/Own small game
Using Asset Import Pipeline V2.
Refreshing native plugins compatible for Editor in 24.55 ms, found 2 plugins.
Preloading 0 native plugins for Editor in 0.00 ms.
Initialize engine version: 2020.3.16f1 (049d6eca3c44)
[Subsystems] Discovering subsystems at path C:/Program Files/Unity/Hub/Editor/2020.3.16f1/Editor/Data/Resources/UnitySubsystems
[Subsystems] Discovering subsystems at path C:/Users/elina/Own small game/Assets
GfxDevice: creating device client; threaded=0
Direct3D:
    Version:  Direct3D 11.0 [level 11.1]
    Renderer: NVIDIA GeForce RTX 3060 Laptop GPU (ID=0x2560)
    Vendor:   
    VRAM:     6023 MB
    Driver:   27.21.14.6681
Initialize mono
Mono path[0] = 'C:/Program Files/Unity/Hub/Editor/2020.3.16f1/Editor/Data/Managed'
Mono path[1] = 'C:/Program Files/Unity/Hub/Editor/2020.3.16f1/Editor/Data/MonoBleedingEdge/lib/mono/unityjit'
Mono config path = 'C:/Program Files/Unity/Hub/Editor/2020.3.16f1/Editor/Data/MonoBleedingEdge/etc'
Using monoOptions --debugger-agent=transport=dt_socket,embedding=1,server=y,suspend=n,address=127.0.0.1:56096
Begin MonoManager ReloadAssembly
Registering precompiled unity dll's ...
Register platform support module: C:/Program Files/Unity/Hub/Editor/2020.3.16f1/Editor/Data/PlaybackEngines/WebGLSupport/UnityEditor.WebGL.Extensions.dll
Register platform support module: C:/Program Files/Unity/Hub/Editor/2020.3.16f1/Editor/Data/PlaybackEngines/WindowsStandaloneSupport/UnityEditor.WindowsStandalone.Extensions.dll
Registered in 0.002734 seconds.
Native extension for WindowsStandalone target not found
Native extension for WebGL target not found
Refreshing native plugins compatible for Editor in 23.26 ms, found 2 plugins.
Preloading 0 native plugins for Editor in 0.00 ms.
Mono: successfully reloaded assembly
- Completed reload, in  1.798 seconds
Domain Reload Profiling:
	ReloadAssembly (1798ms)
		BeginReloadAssembly (52ms)
			ExecutionOrderSort (0ms)
			DisableScriptedObjects (0ms)
			BackupInstance (0ms)
			ReleaseScriptingObjects (0ms)
			CreateAndSetChildDomain (1ms)
		EndReloadAssembly (319ms)
			LoadAssemblies (50ms)
			RebuildTransferFunctionScriptingTraits (0ms)
			SetupTypeCache (109ms)
			ReleaseScriptCaches (0ms)
			RebuildScriptCaches (21ms)
			SetupLoadedEditorAssemblies (129ms)
				LogAssemblyErrors (0ms)
				InitializePlatformSupportModulesInManaged (4ms)
				SetLoadedEditorAssemblies (0ms)
				RefreshPlugins (23ms)
				BeforeProcessingInitializeOnLoad (14ms)
				ProcessInitializeOnLoadAttributes (63ms)
				ProcessInitializeOnLoadMethodAttributes (23ms)
				AfterProcessingInitializeOnLoad (0ms)
				EditorAssembliesLoaded (0ms)
			ExecutionOrderSort2 (0ms)
			AwakeInstancesAfterBackupRestoration (0ms)
Platform modules already initialized, skipping
Registering precompiled user dll's ...
Registered in 0.004153 seconds.
Begin MonoManager ReloadAssembly
Native extension for WindowsStandalone target not found
Native extension for WebGL target not found
Refreshing native plugins compatible for Editor in 0.33 ms, found 2 plugins.
Preloading 0 native plugins for Editor in 0.00 ms.
Mono: successfully reloaded assembly
- Completed reload, in  0.834 seconds
Domain Reload Profiling:
	ReloadAssembly (834ms)
		BeginReloadAssembly (113ms)
			ExecutionOrderSort (0ms)
			DisableScriptedObjects (4ms)
			BackupInstance (0ms)
			ReleaseScriptingObjects (0ms)
			CreateAndSetChildDomain (16ms)
		EndReloadAssembly (669ms)
			LoadAssemblies (75ms)
			RebuildTransferFunctionScriptingTraits (0ms)
			SetupTypeCache (193ms)
			ReleaseScriptCaches (0ms)
			RebuildScriptCaches (28ms)
			SetupLoadedEditorAssemblies (312ms)
				LogAssemblyErrors (0ms)
				InitializePlatformSupportModulesInManaged (5ms)
				SetLoadedEditorAssemblies (0ms)
				RefreshPlugins (0ms)
				BeforeProcessingInitializeOnLoad (64ms)
				ProcessInitializeOnLoadAttributes (232ms)
				ProcessInitializeOnLoadMethodAttributes (3ms)
				AfterProcessingInitializeOnLoad (7ms)
				EditorAssembliesLoaded (0ms)
			ExecutionOrderSort2 (0ms)
			AwakeInstancesAfterBackupRestoration (5ms)
Platform modules already initialized, skipping
========================================================================
Worker process is ready to serve import requests
Launched and connected shader compiler UnityShaderCompiler.exe after 0.05 seconds
Refreshing native plugins compatible for Editor in 0.37 ms, found 2 plugins.
Preloading 0 native plugins for Editor in 0.00 ms.
Unloading 1397 Unused Serialized files (Serialized files now loaded: 0)
System memory in use before: 77.9 MB.
System memory in use after: 78.0 MB.

Unloading 17 unused Assets to reduce memory usage. Loaded Objects now: 1853.
Total: 2.469300 ms (FindLiveObjects: 0.129900 ms CreateObjectMapping: 0.038500 ms MarkObjects: 2.282900 ms  DeleteObjects: 0.017100 ms)

AssetImportParameters requested are different than current active one (requested -> active):
  custom:framework-win-MediaFoundation: 216162199b28c13a410421893ffa2e32 -> 
  custom:video-decoder-ogg-theora: a1e56fd34408186e4bbccfd4996cb3dc -> 
  custom:container-muxer-webm: aa71ff27fc2769a1b78a27578f13a17b -> 
  custom:container-demuxer-webm: 4f35f7cbe854078d1ac9338744f61a02 -> 
  custom:container-demuxer-ogg: 62fdf1f143b41e24485cea50d1cbac27 -> 
  custom:video-encoder-webm-vp8: eb34c28f22e8b96e1ab97ce403110664 -> 
  custom:video-codec-MediaFoundation-h265: 746d11721c4dcdbdad8f713fa42b33f4 -> 
  custom:video-decoder-webm-vp8: 9c59270c3fd7afecdb556c50c9e8de78 -> 
  custom:audio-decoder-ogg-vorbis: bf7c407c2cedff20999df2af8eb42d56 -> 
  custom:audio-encoder-webm-vorbis: bf7c407c2cedff20999df2af8eb42d56 -> 
========================================================================
Received Import Request.
  path: Assets/TerrainData_8fb5bd1b-4f73-45c4-853f-d02722424f4f.asset
  artifactKey: Guid(2258c344f17de1545a1c257d9e53d3e7) Importer(815301076,1909f56bfc062723c751e8b465ee728b)
Start importing Assets/TerrainData_8fb5bd1b-4f73-45c4-853f-d02722424f4f.asset using Guid(2258c344f17de1545a1c257d9e53d3e7) Importer(815301076,1909f56bfc062723c751e8b465ee728b)  -> (artifact id: 'ab44ba25cba7c93cba46d6d188b1d430') in 0.053289 seconds 
  Import took 0.063236 seconds .

========================================================================
Received Import Request.
  Time since last request: 0.000211 seconds.
  path: Assets/TerrainData_5c1d6a42-1644-4bba-a858-954c4ff77ea8.asset
  artifactKey: Guid(2dd8d995fee8d074db4a8626b2fead53) Importer(815301076,1909f56bfc062723c751e8b465ee728b)
Start importing Assets/TerrainData_5c1d6a42-1644-4bba-a858-954c4ff77ea8.asset using Guid(2dd8d995fee8d074db4a8626b2fead53) Importer(815301076,1909f56bfc062723c751e8b465ee728b)  -> (artifact id: '69e57f623919ab5a490847f122812697') in 0.012412 seconds 
  Import took 0.015098 seconds .

========================================================================
Received Import Request.
  Time since last request: 0.000242 seconds.
  path: Assets/New Terrain.asset
  artifactKey: Guid(4731e5e8561a2e142a689a3dd5634447) Importer(815301076,1909f56bfc062723c751e8b465ee728b)
Start importing Assets/New Terrain.asset using Guid(4731e5e8561a2e142a689a3dd5634447) Importer(815301076,1909f56bfc062723c751e8b465ee728b)  -> (artifact id: 'da5761b40aba1a5fd31971d0ed4bf4c6') in 0.015553 seconds 
  Import took 0.018152 seconds .

========================================================================
Received Import Request.
  Time since last request: 0.000227 seconds.
  path: Assets/TerrainData_4c206885-377f-4f2b-b4d3-fea5b4a9a2b0.asset
  artifactKey: Guid(8d192753037a8234c9757e176b720e39) Importer(815301076,1909f56bfc062723c751e8b465ee728b)
Start importing Assets/TerrainData_4c206885-377f-4f2b-b4d3-fea5b4a9a2b0.asset using Guid(8d192753037a8234c9757e176b720e39) Importer(815301076,1909f56bfc062723c751e8b465ee728b)  -> (artifact id: '757ba3145112ce76c7eb74b59700542b') in 0.011952 seconds 
  Import took 0.014478 seconds .

========================================================================
Received Import Request.
  Time since last request: 0.000162 seconds.
  path: Assets/TerrainData_cb484830-65fc-4c36-af7d-6caffb84c814.asset
  artifactKey: Guid(d5bf20d94cd81f640b90d3396afd4e2b) Importer(815301076,1909f56bfc062723c751e8b465ee728b)
Start importing Assets/TerrainData_cb484830-65fc-4c36-af7d-6caffb84c814.asset using Guid(d5bf20d94cd81f640b90d3396afd4e2b) Importer(815301076,1909f56bfc062723c751e8b465ee728b)  -> (artifact id: '1b5f5a9b77afebc656c0a94c79450dfd') in 0.012020 seconds 
  Import took 0.014411 seconds .

========================================================================
Received Import Request.
  Time since last request: 0.000200 seconds.
  path: Assets/TerrainData_d1ddc4ca-e342-4cc5-9b0f-bebf9af82c18.asset
  artifactKey: Guid(19cd3b93abc99684c860f54c61b09046) Importer(815301076,1909f56bfc062723c751e8b465ee728b)
Start importing Assets/TerrainData_d1ddc4ca-e342-4cc5-9b0f-bebf9af82c18.asset using Guid(19cd3b93abc99684c860f54c61b09046) Importer(815301076,1909f56bfc062723c751e8b465ee728b)  -> (artifact id: '9c47fe41b461d2c25a34ff9ad773c63e') in 0.016317 seconds 
  Import took 0.018498 seconds .

========================================================================
Received Import Request.
  Time since last request: 0.000190 seconds.
  path: Assets/TerrainData_b282d3af-1c34-4caf-ae64-2bcb5b14a8c1.asset
  artifactKey: Guid(e0dc25303e403f743a156174c538b996) Importer(815301076,1909f56bfc062723c751e8b465ee728b)
Start importing Assets/TerrainData_b282d3af-1c34-4caf-ae64-2bcb5b14a8c1.asset using Guid(e0dc25303e403f743a156174c538b996) Importer(815301076,1909f56bfc062723c751e8b465ee728b)  -> (artifact id: '0ff19b34bb3bf24689c15fc30ec81f89') in 0.016052 seconds 
  Import took 0.018419 seconds .

========================================================================
Received Import Request.
  Time since last request: 0.000190 seconds.
  path: Assets/TerrainData_2f8ccbed-adfb-4617-82ea-c2951e81af12.asset
  artifactKey: Guid(9131cdf64f623114d80f155df42b525e) Importer(815301076,1909f56bfc062723c751e8b465ee728b)
Start importing Assets/TerrainData_2f8ccbed-adfb-4617-82ea-c2951e81af12.asset using Guid(9131cdf64f623114d80f155df42b525e) Importer(815301076,1909f56bfc062723c751e8b465ee728b)  -> (artifact id: '3739c2af50c5762b75040cc1e49d99f1') in 0.012390 seconds 
  Import took 0.015179 seconds .

========================================================================
Received Import Request.
  Time since last request: 0.000169 seconds.
  path: Assets/TerrainData_af62c05d-c7e3-48e1-b7f0-e121b74f8e4d.asset
  artifactKey: Guid(f986edc94f658544ba56e561a9610a3c) Importer(815301076,1909f56bfc062723c751e8b465ee728b)
Start importing Assets/TerrainData_af62c05d-c7e3-48e1-b7f0-e121b74f8e4d.asset using Guid(f986edc94f658544ba56e561a9610a3c) Importer(815301076,1909f56bfc062723c751e8b465ee728b)  -> (artifact id: '8ffce8199b9fd49184614e03b6f0ac05') in 0.015378 seconds 
  Import took 0.017896 seconds .

========================================================================
Received Import Request.
  Time since last request: 0.000171 seconds.
  path: Assets/TerrainData_f550b993-15a0-4964-b5d4-8e269212420c.asset
  artifactKey: Guid(1cadefac0fabd0f49b0fd01c7c263647) Importer(815301076,1909f56bfc062723c751e8b465ee728b)
Start importing Assets/TerrainData_f550b993-15a0-4964-b5d4-8e269212420c.asset using Guid(1cadefac0fabd0f49b0fd01c7c263647) Importer(815301076,1909f56bfc062723c751e8b465ee728b)  -> (artifact id: '1c5bbfe2653586f31242c5d9d13f5e7d') in 0.011994 seconds 
  Import took 0.014689 seconds .

========================================================================
Received Import Request.
  Time since last request: 0.000235 seconds.
  path: Assets/TerrainData_4af15e72-23fb-46e6-80b8-df38b12c3239.asset
  artifactKey: Guid(b1b418036755cfc46ae5860e29cc5697) Importer(815301076,1909f56bfc062723c751e8b465ee728b)
Start importing Assets/TerrainData_4af15e72-23fb-46e6-80b8-df38b12c3239.asset using Guid(b1b418036755cfc46ae5860e29cc5697) Importer(815301076,1909f56bfc062723c751e8b465ee728b)  -> (artifact id: 'ce5c8758d273fea13b2b7bf86d09dc2c') in 0.014435 seconds 
  Import took 0.016638 seconds .

========================================================================
Received Import Request.
  Time since last request: 647.166262 seconds.
  path: Assets/New Terrain 1.asset
  artifactKey: Guid(63df9804fc3a1f04fb5aca67f2c1c924) Importer(815301076,1909f56bfc062723c751e8b465ee728b)
Start importing Assets/New Terrain 1.asset using Guid(63df9804fc3a1f04fb5aca67f2c1c924) Importer(815301076,1909f56bfc062723c751e8b465ee728b)  -> (artifact id: '2f013d42c3a3be45b0b310a87e0aadfd') in 0.011181 seconds 
  Import took 0.013631 seconds .

========================================================================
Received Prepare
Registering precompiled user dll's ...
Registered in 0.003967 seconds.
Begin MonoManager ReloadAssembly
Native extension for WindowsStandalone target not found
Native extension for WebGL target not found
Refreshing native plugins compatible for Editor in 0.40 ms, found 2 plugins.
Preloading 0 native plugins for Editor in 0.00 ms.
Mono: successfully reloaded assembly
- Completed reload, in  0.804 seconds
Domain Reload Profiling:
	ReloadAssembly (804ms)
		BeginReloadAssembly (104ms)
			ExecutionOrderSort (0ms)
			DisableScriptedObjects (3ms)
			BackupInstance (0ms)
			ReleaseScriptingObjects (0ms)
			CreateAndSetChildDomain (27ms)
		EndReloadAssembly (648ms)
			LoadAssemblies (79ms)
			RebuildTransferFunctionScriptingTraits (0ms)
			SetupTypeCache (200ms)
			ReleaseScriptCaches (1ms)
			RebuildScriptCaches (25ms)
			SetupLoadedEditorAssemblies (282ms)
				LogAssemblyErrors (0ms)
				InitializePlatformSupportModulesInManaged (5ms)
				SetLoadedEditorAssemblies (0ms)
				RefreshPlugins (0ms)
				BeforeProcessingInitializeOnLoad (58ms)
				ProcessInitializeOnLoadAttributes (208ms)
				ProcessInitializeOnLoadMethodAttributes (3ms)
				AfterProcessingInitializeOnLoad (7ms)
				EditorAssembliesLoaded (0ms)
			ExecutionOrderSort2 (0ms)
			AwakeInstancesAfterBackupRestoration (5ms)
Platform modules already initialized, skipping
Refreshing native plugins compatible for Editor in 0.37 ms, found 2 plugins.
Preloading 0 native plugins for Editor in 0.00 ms.
Unloading 1391 Unused Serialized files (Serialized files now loaded: 0)
System memory in use before: 77.8 MB.
System memory in use after: 77.9 MB.

Unloading 13 unused Assets to reduce memory usage. Loaded Objects now: 1857.
Total: 2.523200 ms (FindLiveObjects: 0.145400 ms CreateObjectMapping: 0.042900 ms MarkObjects: 2.314100 ms  DeleteObjects: 0.019700 ms)

AssetImportParameters requested are different than current active one (requested -> active):
  custom:framework-win-MediaFoundation: 216162199b28c13a410421893ffa2e32 -> 
  custom:video-decoder-ogg-theora: a1e56fd34408186e4bbccfd4996cb3dc -> 
  custom:container-muxer-webm: aa71ff27fc2769a1b78a27578f13a17b -> 
  custom:container-demuxer-webm: 4f35f7cbe854078d1ac9338744f61a02 -> 
  custom:container-demuxer-ogg: 62fdf1f143b41e24485cea50d1cbac27 -> 
  custom:video-encoder-webm-vp8: eb34c28f22e8b96e1ab97ce403110664 -> 
  custom:video-codec-MediaFoundation-h265: 746d11721c4dcdbdad8f713fa42b33f4 -> 
  custom:video-decoder-webm-vp8: 9c59270c3fd7afecdb556c50c9e8de78 -> 
  custom:audio-decoder-ogg-vorbis: bf7c407c2cedff20999df2af8eb42d56 -> 
  custom:audio-encoder-webm-vorbis: bf7c407c2cedff20999df2af8eb42d56 -> 
========================================================================
Received Import Request.
  Time since last request: 393.805327 seconds.
  path: Assets/Materials/NewLayer.terrainlayer
  artifactKey: Guid(cc8a0cebd0005db4c894ae37215a964e) Importer(815301076,1909f56bfc062723c751e8b465ee728b)
Start importing Assets/Materials/NewLayer.terrainlayer using Guid(cc8a0cebd0005db4c894ae37215a964e) Importer(815301076,1909f56bfc062723c751e8b465ee728b)  -> (artifact id: '86aa7c3365b490fc8e167b5baa1733d5') in 0.046938 seconds 
  Import took 0.049606 seconds .

========================================================================
Received Import Request.
  Time since last request: 40.848172 seconds.
  path: Assets/Materials/Materials/TexturesCom_Groundplants0140_1_seamless_S.mat
  artifactKey: Guid(d8bd8af807f352a48b109b17eb5c6146) Importer(815301076,1909f56bfc062723c751e8b465ee728b)
Start importing Assets/Materials/Materials/TexturesCom_Groundplants0140_1_seamless_S.mat using Guid(d8bd8af807f352a48b109b17eb5c6146) Importer(815301076,1909f56bfc062723c751e8b465ee728b)  -> (artifact id: '0f3cc8f8a505aa61451411bc16904fda') in 0.040641 seconds 
  Import took 0.043010 seconds .

========================================================================
Received Import Request.
  Time since last request: 0.000178 seconds.
  path: Assets/Materials/Materials/TexturesCom_Moss0148_1_seamless_S.mat
  artifactKey: Guid(69466d5d3993c8f49aeb2d7bf83adcb3) Importer(815301076,1909f56bfc062723c751e8b465ee728b)
Start importing Assets/Materials/Materials/TexturesCom_Moss0148_1_seamless_S.mat using Guid(69466d5d3993c8f49aeb2d7bf83adcb3) Importer(815301076,1909f56bfc062723c751e8b465ee728b)  -> (artifact id: '985d5901885a01a80fa47efa172f98f2') in 0.015097 seconds 
  Import took 0.017336 seconds .

========================================================================
Received Import Request.
  Time since last request: 10.487312 seconds.
  path: Assets/Scenes/Prefabs
  artifactKey: Guid(2fe17151b01548743bfa695c4911fb7d) Importer(815301076,1909f56bfc062723c751e8b465ee728b)
Start importing Assets/Scenes/Prefabs using Guid(2fe17151b01548743bfa695c4911fb7d) Importer(815301076,1909f56bfc062723c751e8b465ee728b)  -> (artifact id: 'edac42f909e404555d3d315665ea754d') in 0.014629 seconds 
  Import took 0.017146 seconds .

========================================================================
Received Import Request.
  Time since last request: 2.267444 seconds.
  path: Assets/Scenes/Prefabs/moshseinä.prefab
  artifactKey: Guid(9f54dc958d78eb84e8983db6018109af) Importer(815301076,1909f56bfc062723c751e8b465ee728b)
Start importing Assets/Scenes/Prefabs/moshseinä.prefab using Guid(9f54dc958d78eb84e8983db6018109af) Importer(815301076,1909f56bfc062723c751e8b465ee728b)  -> (artifact id: '7d99c1a7c795ea1d6b7acb39313b066c') in 0.022137 seconds 
  Import took 0.024643 seconds .

========================================================================
Received Import Request.
  Time since last request: 2066.438570 seconds.
  path: Assets/Materials/Materials
  artifactKey: Guid(a6fdd7e5328156e40aab363fb590b7c6) Importer(815301076,1909f56bfc062723c751e8b465ee728b)
Start importing Assets/Materials/Materials using Guid(a6fdd7e5328156e40aab363fb590b7c6) Importer(815301076,1909f56bfc062723c751e8b465ee728b)  -> (artifact id: '96cea0f4801e718557f86c0824b3e3d3') in 0.014697 seconds 
  Import took 0.017206 seconds .

========================================================================
Received Import Request.
  Time since last request: 16.785531 seconds.
  path: Assets/Materials/Materials/red-background-oil-bubble-water.jpg
  artifactKey: Guid(e497880c9d1751146b961d2d2452dda5) Importer(815301076,1909f56bfc062723c751e8b465ee728b)
Start importing Assets/Materials/Materials/red-background-oil-bubble-water.jpg using Guid(e497880c9d1751146b961d2d2452dda5) Importer(815301076,1909f56bfc062723c751e8b465ee728b)  -> (artifact id: '816949cba015c58d8d47df4b37a4dee5') in 0.028109 seconds 
  Import took 0.031036 seconds .

========================================================================
Received Import Request.
  Time since last request: 0.020965 seconds.
  path: Assets/Materials/Materials/red-background-oil-bubble-water.jpg
  artifactKey: Guid(e497880c9d1751146b961d2d2452dda5) Importer(815301076,1909f56bfc062723c751e8b465ee728b)
Start importing Assets/Materials/Materials/red-background-oil-bubble-water.jpg using Guid(e497880c9d1751146b961d2d2452dda5) Importer(815301076,1909f56bfc062723c751e8b465ee728b)  -> (artifact id: '816949cba015c58d8d47df4b37a4dee5') in 0.013974 seconds 
  Import took 0.016434 seconds .

========================================================================
Received Import Request.
  Time since last request: 8.002724 seconds.
  path: Assets/New Terrain 2.asset
  artifactKey: Guid(12d3e8c8d391bca4ca18c2352a34aa6a) Importer(815301076,1909f56bfc062723c751e8b465ee728b)
Start importing Assets/New Terrain 2.asset using Guid(12d3e8c8d391bca4ca18c2352a34aa6a) Importer(815301076,1909f56bfc062723c751e8b465ee728b)  -> (artifact id: '6dad8eb3c1ddd1463cdc251fe0d5b22d') in 0.011967 seconds 
  Import took 0.014467 seconds .

========================================================================
Received Import Request.
  Time since last request: 0.000174 seconds.
  path: Assets/New Terrain 3.asset
  artifactKey: Guid(303b3afaa595c3142adc0e55f758044e) Importer(815301076,1909f56bfc062723c751e8b465ee728b)
Start importing Assets/New Terrain 3.asset using Guid(303b3afaa595c3142adc0e55f758044e) Importer(815301076,1909f56bfc062723c751e8b465ee728b)  -> (artifact id: '6302e5345f89170af0e3a15264ba3fde') in 0.011435 seconds 
  Import took 0.013733 seconds .

========================================================================
Received Import Request.
  Time since last request: 558.930394 seconds.
  path: Assets/Scenes/Hahmo/veripaukku.max
  artifactKey: Guid(23dc5b1d1656a134b817bc635155fda5) Importer(815301076,1909f56bfc062723c751e8b465ee728b)
Start importing Assets/Scenes/Hahmo/veripaukku.max using Guid(23dc5b1d1656a134b817bc635155fda5) Importer(815301076,1909f56bfc062723c751e8b465ee728b)  -> (artifact id: 'fc1654e40e83bbac9a3dbbc0dd299d88') in 0.047266 seconds 
  Import took 0.050289 seconds .

========================================================================
Received Import Request.
  Time since last request: 56.916970 seconds.
  path: Assets/Materials/red-background-oil-bubble-water.jpg
  artifactKey: Guid(1ab642b02e1ba0a48af73ecc12988114) Importer(815301076,1909f56bfc062723c751e8b465ee728b)
Start importing Assets/Materials/red-background-oil-bubble-water.jpg using Guid(1ab642b02e1ba0a48af73ecc12988114) Importer(815301076,1909f56bfc062723c751e8b465ee728b)  -> (artifact id: '70e22c3eb0efd113639a23cc5f126454') in 0.011803 seconds 
  Import took 0.014694 seconds .

========================================================================
Received Prepare
Registering precompiled user dll's ...
Registered in 0.004075 seconds.
Begin MonoManager ReloadAssembly
Native extension for WindowsStandalone target not found
Native extension for WebGL target not found
Refreshing native plugins compatible for Editor in 0.35 ms, found 2 plugins.
Preloading 0 native plugins for Editor in 0.00 ms.
Mono: successfully reloaded assembly
- Completed reload, in  0.841 seconds
Domain Reload Profiling:
	ReloadAssembly (842ms)
		BeginReloadAssembly (115ms)
			ExecutionOrderSort (0ms)
			DisableScriptedObjects (4ms)
			BackupInstance (0ms)
			ReleaseScriptingObjects (0ms)
			CreateAndSetChildDomain (43ms)
		EndReloadAssembly (675ms)
			LoadAssemblies (89ms)
			RebuildTransferFunctionScriptingTraits (0ms)
			SetupTypeCache (206ms)
			ReleaseScriptCaches (1ms)
			RebuildScriptCaches (25ms)
			SetupLoadedEditorAssemblies (294ms)
				LogAssemblyErrors (0ms)
				InitializePlatformSupportModulesInManaged (5ms)
				SetLoadedEditorAssemblies (0ms)
				RefreshPlugins (0ms)
				BeforeProcessingInitializeOnLoad (59ms)
				ProcessInitializeOnLoadAttributes (219ms)
				ProcessInitializeOnLoadMethodAttributes (3ms)
				AfterProcessingInitializeOnLoad (7ms)
				EditorAssembliesLoaded (0ms)
			ExecutionOrderSort2 (0ms)
			AwakeInstancesAfterBackupRestoration (5ms)
Platform modules already initialized, skipping
Refreshing native plugins compatible for Editor in 0.37 ms, found 2 plugins.
Preloading 0 native plugins for Editor in 0.00 ms.
Unloading 1391 Unused Serialized files (Serialized files now loaded: 0)
System memory in use before: 81.3 MB.
System memory in use after: 81.4 MB.

Unloading 13 unused Assets to reduce memory usage. Loaded Objects now: 1905.
Total: 2.378800 ms (FindLiveObjects: 0.141300 ms CreateObjectMapping: 0.031200 ms MarkObjects: 2.189900 ms  DeleteObjects: 0.015300 ms)

AssetImportParameters requested are different than current active one (requested -> active):
  custom:framework-win-MediaFoundation: 216162199b28c13a410421893ffa2e32 -> 
  custom:video-decoder-ogg-theora: a1e56fd34408186e4bbccfd4996cb3dc -> 
  custom:container-muxer-webm: aa71ff27fc2769a1b78a27578f13a17b -> 
  custom:container-demuxer-webm: 4f35f7cbe854078d1ac9338744f61a02 -> 
  custom:container-demuxer-ogg: 62fdf1f143b41e24485cea50d1cbac27 -> 
  custom:video-encoder-webm-vp8: eb34c28f22e8b96e1ab97ce403110664 -> 
  custom:video-codec-MediaFoundation-h265: 746d11721c4dcdbdad8f713fa42b33f4 -> 
  custom:video-decoder-webm-vp8: 9c59270c3fd7afecdb556c50c9e8de78 -> 
  custom:audio-decoder-ogg-vorbis: bf7c407c2cedff20999df2af8eb42d56 -> 
  custom:audio-encoder-webm-vorbis: bf7c407c2cedff20999df2af8eb42d56 -> 
========================================================================
Received Import Request.
  Time since last request: 120.146429 seconds.
  path: Assets/Scenes/Prefabs/veripaukku Variant.prefab
  artifactKey: Guid(cfa4cffd3e22a0b4ba70587c1dec7d35) Importer(815301076,1909f56bfc062723c751e8b465ee728b)
Start importing Assets/Scenes/Prefabs/veripaukku Variant.prefab using Guid(cfa4cffd3e22a0b4ba70587c1dec7d35) Importer(815301076,1909f56bfc062723c751e8b465ee728b)  -> (artifact id: '02d1336d218ca98763934b43aea0dad0') in 0.055159 seconds 
  Import took 0.057578 seconds .

========================================================================
Received Prepare
Registering precompiled user dll's ...
Registered in 0.004165 seconds.
Begin MonoManager ReloadAssembly
Native extension for WindowsStandalone target not found
Native extension for WebGL target not found
Refreshing native plugins compatible for Editor in 0.34 ms, found 2 plugins.
Preloading 0 native plugins for Editor in 0.00 ms.
Mono: successfully reloaded assembly
- Completed reload, in  0.787 seconds
Domain Reload Profiling:
	ReloadAssembly (787ms)
		BeginReloadAssembly (99ms)
			ExecutionOrderSort (0ms)
			DisableScriptedObjects (3ms)
			BackupInstance (0ms)
			ReleaseScriptingObjects (0ms)
			CreateAndSetChildDomain (27ms)
		EndReloadAssembly (637ms)
			LoadAssemblies (73ms)
			RebuildTransferFunctionScriptingTraits (0ms)
			SetupTypeCache (189ms)
			ReleaseScriptCaches (1ms)
			RebuildScriptCaches (25ms)
			SetupLoadedEditorAssemblies (290ms)
				LogAssemblyErrors (0ms)
				InitializePlatformSupportModulesInManaged (5ms)
				SetLoadedEditorAssemblies (0ms)
				RefreshPlugins (0ms)
				BeforeProcessingInitializeOnLoad (58ms)
				ProcessInitializeOnLoadAttributes (216ms)
				ProcessInitializeOnLoadMethodAttributes (3ms)
				AfterProcessingInitializeOnLoad (7ms)
				EditorAssembliesLoaded (0ms)
			ExecutionOrderSort2 (0ms)
			AwakeInstancesAfterBackupRestoration (5ms)
Platform modules already initialized, skipping
Refreshing native plugins compatible for Editor in 0.35 ms, found 2 plugins.
Preloading 0 native plugins for Editor in 0.00 ms.
Unloading 1391 Unused Serialized files (Serialized files now loaded: 0)
System memory in use before: 81.4 MB.
System memory in use after: 81.5 MB.

Unloading 13 unused Assets to reduce memory usage. Loaded Objects now: 1908.
Total: 3.634600 ms (FindLiveObjects: 0.400100 ms CreateObjectMapping: 0.061300 ms MarkObjects: 3.146200 ms  DeleteObjects: 0.025700 ms)

AssetImportParameters requested are different than current active one (requested -> active):
  custom:framework-win-MediaFoundation: 216162199b28c13a410421893ffa2e32 -> 
  custom:video-decoder-ogg-theora: a1e56fd34408186e4bbccfd4996cb3dc -> 
  custom:container-muxer-webm: aa71ff27fc2769a1b78a27578f13a17b -> 
  custom:container-demuxer-webm: 4f35f7cbe854078d1ac9338744f61a02 -> 
  custom:container-demuxer-ogg: 62fdf1f143b41e24485cea50d1cbac27 -> 
  custom:video-encoder-webm-vp8: eb34c28f22e8b96e1ab97ce403110664 -> 
  custom:video-codec-MediaFoundation-h265: 746d11721c4dcdbdad8f713fa42b33f4 -> 
  custom:video-decoder-webm-vp8: 9c59270c3fd7afecdb556c50c9e8de78 -> 
  custom:audio-decoder-ogg-vorbis: bf7c407c2cedff20999df2af8eb42d56 -> 
  custom:audio-encoder-webm-vorbis: bf7c407c2cedff20999df2af8eb42d56 -> 
AssetImportWorkerClient::OnTransportError - code=2 error=End of file
